<?xml version="1.0" encoding="UTF-8"?>
<!-- Generated by org.testng.reporters.JUnitReportReporter -->
<testsuite hostname="LAPTOP-1NB1VG1R" failures="0" tests="3" name="suiteExample.TestNG_Activity9" time="0.813" errors="0" timestamp="2022-09-01T11:43:44 IST" skipped="0">
  <testcase classname="suiteExample.TestNG_Activity9" name="simpleAlertTestCase" time="0.183"/>
  <system-out>
    <![CDATA[This is Simple alert]]>
  </system-out>
  <testcase classname="suiteExample.TestNG_Activity9" name="confirmAlertTestCase" time="0.387"/>
  <system-out>
    <![CDATA[This is Confirm alert]]>
  </system-out>
  <testcase classname="suiteExample.TestNG_Activity9" name="promptAlertTestCase" time="0.243"/>
  <system-out>
    <![CDATA[This is prompt alert]]>
  </system-out>
</testsuite> <!-- suiteExample.TestNG_Activity9 -->
