<?xml version="1.0" encoding="UTF-8"?>
<!-- Generated by org.testng.reporters.JUnitReportReporter -->
<testsuite hostname="LAPTOP-1NB1VG1R" failures="0" tests="3" name="Project" time="4.690" errors="0" timestamp="2022-09-01T11:59:41 IST" skipped="0">
  <testcase classname="Project" name="addSSHKey" time="3.856"/>
  <system-out/>
  <testcase classname="Project" name="getSSHKey" time="0.422"/>
  <system-out>
    <![CDATA[{
    "id": 70502040,
    "key": "ssh-ed25519 AAAAC3NzaC1lZDI1NTE5AAAAIN/QVtlJVJ135Uv8H+7FxqcYzzZuc2eHjPdpuA0qmZlh",
    "url": "https://api.github.com/user/keys/70502040",
    "title": "TestAPIKey",
    "verified": true,
    "created_at": "2022-09-01T06:29:36Z",
    "read_only": false
}]]>
  </system-out>
  <testcase classname="Project" name="deleteSSHKey" time="0.412"/>
  <system-out>
    <![CDATA[]]>
  </system-out>
</testsuite> <!-- Project -->
